<?xml version="1.0" encoding="UTF-8"?>
<!-- Generated by org.testng.reporters.JUnitXMLReporter -->
<testsuite ignored="0" hostname="LTIN675515" failures="1" tests="13" name="chrome test" time="16.512" errors="0" timestamp="2026-01-23T16:18:58 IST">
  <testcase classname="hooks.SuiteHooks" name="@BeforeSuite generateAiTestData" time="1.979">
    <failure type="javax.net.ssl.SSLHandshakeException" message="PKIX path building failed: sun.security.provider.certpath.SunCertPathBuilderException: unable to find valid certification path to requested target">
      <![CDATA[javax.net.ssl.SSLHandshakeException: PKIX path building failed: sun.security.provider.certpath.SunCertPathBuilderException: unable to find valid certification path to requested target
at java.base/sun.security.ssl.Alert.createSSLException(Alert.java:130)
at java.base/sun.security.ssl.TransportContext.fatal(TransportContext.java:378)
at java.base/sun.security.ssl.TransportContext.fatal(TransportContext.java:321)
at java.base/sun.security.ssl.TransportContext.fatal(TransportContext.java:316)
at java.base/sun.security.ssl.CertificateMessage$T13CertificateConsumer.checkServerCerts(CertificateMessage.java:1318)
at java.base/sun.security.ssl.CertificateMessage$T13CertificateConsumer.onConsumeCertificate(CertificateMessage.java:1195)
at java.base/sun.security.ssl.CertificateMessage$T13CertificateConsumer.consume(CertificateMessage.java:1138)
at java.base/sun.security.ssl.SSLHandshake.consume(SSLHandshake.java:393)
at java.base/sun.security.ssl.HandshakeContext.dispatch(HandshakeContext.java:476)
at java.base/sun.security.ssl.HandshakeContext.dispatch(HandshakeContext.java:447)
at java.base/sun.security.ssl.TransportContext.dispatch(TransportContext.java:201)
at java.base/sun.security.ssl.SSLTransport.decode(SSLTransport.java:172)
at java.base/sun.security.ssl.SSLSocketImpl.decode(SSLSocketImpl.java:1506)
at java.base/sun.security.ssl.SSLSocketImpl.readHandshakeRecord(SSLSocketImpl.java:1421)
at java.base/sun.security.ssl.SSLSocketImpl.startHandshake(SSLSocketImpl.java:455)
at java.base/sun.security.ssl.SSLSocketImpl.startHandshake(SSLSocketImpl.java:426)
at okhttp3.internal.connection.RealConnection.connectTls(RealConnection.kt:379)
at okhttp3.internal.connection.RealConnection.establishProtocol(RealConnection.kt:337)
at okhttp3.internal.connection.RealConnection.connect(RealConnection.kt:209)
at okhttp3.internal.connection.ExchangeFinder.findConnection(ExchangeFinder.kt:226)
at okhttp3.internal.connection.ExchangeFinder.findHealthyConnection(ExchangeFinder.kt:106)
at okhttp3.internal.connection.ExchangeFinder.find(ExchangeFinder.kt:74)
at okhttp3.internal.connection.RealCall.initExchange$okhttp(RealCall.kt:255)
at okhttp3.internal.connection.ConnectInterceptor.intercept(ConnectInterceptor.kt:32)
at okhttp3.internal.http.RealInterceptorChain.proceed(RealInterceptorChain.kt:109)
at okhttp3.internal.cache.CacheInterceptor.intercept(CacheInterceptor.kt:95)
at okhttp3.internal.http.RealInterceptorChain.proceed(RealInterceptorChain.kt:109)
at okhttp3.internal.http.BridgeInterceptor.intercept(BridgeInterceptor.kt:83)
at okhttp3.internal.http.RealInterceptorChain.proceed(RealInterceptorChain.kt:109)
at okhttp3.internal.http.RetryAndFollowUpInterceptor.intercept(RetryAndFollowUpInterceptor.kt:76)
at okhttp3.internal.http.RealInterceptorChain.proceed(RealInterceptorChain.kt:109)
at okhttp3.internal.connection.RealCall.getResponseWithInterceptorChain$okhttp(RealCall.kt:201)
at okhttp3.internal.connection.RealCall.execute(RealCall.kt:154)
at ai.AIService.generateResponse(AIService.java:53)
at hooks.SuiteHooks.generateAiTestData(SuiteHooks.java:35)
at com.intellij.rt.testng.IDEARemoteTestNG.run(IDEARemoteTestNG.java:65)
at com.intellij.rt.testng.RemoteTestNGStarter.main(RemoteTestNGStarter.java:105)
Caused by: sun.security.validator.ValidatorException: PKIX path building failed: sun.security.provider.certpath.SunCertPathBuilderException: unable to find valid certification path to requested target
at java.base/sun.security.validator.PKIXValidator.doBuild(PKIXValidator.java:388)
at java.base/sun.security.validator.PKIXValidator.engineValidate(PKIXValidator.java:271)
at java.base/sun.security.validator.Validator.validate(Validator.java:256)
at java.base/sun.security.ssl.X509TrustManagerImpl.checkTrusted(X509TrustManagerImpl.java:230)
at java.base/sun.security.ssl.X509TrustManagerImpl.checkServerTrusted(X509TrustManagerImpl.java:132)
at java.base/sun.security.ssl.CertificateMessage$T13CertificateConsumer.checkServerCerts(CertificateMessage.java:1302)
... 46 more
Caused by: sun.security.provider.certpath.SunCertPathBuilderException: unable to find valid certification path to requested target
at java.base/sun.security.provider.certpath.SunCertPathBuilder.build(SunCertPathBuilder.java:146)
at java.base/sun.security.provider.certpath.SunCertPathBuilder.engineBuild(SunCertPathBuilder.java:127)
at java.base/java.security.cert.CertPathBuilder.build(CertPathBuilder.java:297)
at java.base/sun.security.validator.PKIXValidator.doBuild(PKIXValidator.java:383)
... 51 more
... Removed 14 stack frames]]>
    </failure>
  </testcase> <!-- @BeforeSuite generateAiTestData -->
  <testcase classname="tests.CalculatorFunctionalityTest" name="@BeforeClass setUp" time="0.0">
    <skipped/>
  </testcase> <!-- @BeforeClass setUp -->
  <testcase classname="tests.ResultsPageUiTest" name="@BeforeClass setUp" time="0.0">
    <skipped/>
  </testcase> <!-- @BeforeClass setUp -->
  <testcase classname="tests.CalculatorFunctionalityTest" name="isFormHeadingPresent" time="0.0">
    <skipped/>
  </testcase> <!-- isFormHeadingPresent -->
  <testcase classname="tests.CalculatorFunctionalityTest" name="isAgeFieldPresent" time="0.0">
    <skipped/>
  </testcase> <!-- isAgeFieldPresent -->
  <testcase classname="tests.CalculatorFunctionalityTest" name="isPulseRateFieldPresent" time="0.0">
    <skipped/>
  </testcase> <!-- isPulseRateFieldPresent -->
  <testcase classname="tests.CalculatorFunctionalityTest" name="isBloodPressureFieldPresent" time="0.0">
    <skipped/>
  </testcase> <!-- isBloodPressureFieldPresent -->
  <testcase classname="tests.CalculatorFunctionalityTest" name="isCalculateButtonPresentAndClickable" time="0.001">
    <skipped/>
  </testcase> <!-- isCalculateButtonPresentAndClickable -->
  <testcase classname="tests.CalculatorFunctionalityTest" name="sendData" time="0.0">
    <failure type="java.lang.RuntimeException" message="java.lang.RuntimeException: Failed to load AI Test Data from Excel: src\test\resources\testdata\AI_TestData.xlsx (The system cannot find the path specified)">
      <![CDATA[java.lang.RuntimeException: java.lang.RuntimeException: Failed to load AI Test Data from Excel: src\test\resources\testdata\AI_TestData.xlsx (The system cannot find the path specified)
at java.base/java.util.ArrayList.forEach(ArrayList.java:1596)
at com.intellij.rt.testng.IDEARemoteTestNG.run(IDEARemoteTestNG.java:65)
at com.intellij.rt.testng.RemoteTestNGStarter.main(RemoteTestNGStarter.java:105)
Caused by: java.lang.RuntimeException: Failed to load AI Test Data from Excel: src\test\resources\testdata\AI_TestData.xlsx (The system cannot find the path specified)
at tests.CalculatorFunctionalityTest.dp(CalculatorFunctionalityTest.java:398)
... 24 more
Caused by: java.io.FileNotFoundException: src\test\resources\testdata\AI_TestData.xlsx (The system cannot find the path specified)
at java.base/java.io.FileInputStream.open0(Native Method)
at java.base/java.io.FileInputStream.open(FileInputStream.java:213)
at java.base/java.io.FileInputStream.<init>(FileInputStream.java:152)
at java.base/java.io.FileInputStream.<init>(FileInputStream.java:106)
at tests.CalculatorFunctionalityTest.dp(CalculatorFunctionalityTest.java:377)
... 29 more
... Removed 27 stack frames]]>
    </failure>
  </testcase> <!-- sendData -->
  <testcase classname="tests.ResultsPageUiTest" name="resultPageCheck" time="0.0">
    <skipped/>
  </testcase> <!-- resultPageCheck -->
  <testcase classname="tests.ResultsPageUiTest" name="isLogoPresent" time="0.0">
    <skipped/>
  </testcase> <!-- isLogoPresent -->
  <testcase classname="tests.ResultsPageUiTest" name="isLogoTextPresent" time="0.0">
    <skipped/>
  </testcase> <!-- isLogoTextPresent -->
  <testcase classname="tests.ResultsPageUiTest" name="isResultBoxPresent" time="0.002">
    <skipped/>
  </testcase> <!-- isResultBoxPresent -->
  <testcase classname="tests.ResultsPageUiTest" name="isHeadingPresent" time="0.0">
    <skipped/>
  </testcase> <!-- isHeadingPresent -->
  <testcase classname="tests.ResultsPageUiTest" name="isResultDisplayed" time="0.0">
    <skipped/>
  </testcase> <!-- isResultDisplayed -->
  <testcase classname="tests.ResultsPageUiTest" name="isFeedbackBoxdisplayed" time="0.0">
    <skipped/>
  </testcase> <!-- isFeedbackBoxdisplayed -->
</testsuite> <!-- chrome test -->
