<?xml version="1.0" encoding="UTF-8"?>
<!-- Generated by org.testng.reporters.JUnitReportReporter -->
<testsuite hostname="LTIN675515" failures="0" tests="7" name="tests.ResultsPageUiTest" time="0.002" errors="0" timestamp="2026-01-23T16:18:59 IST" skipped="7">
  <testcase classname="tests.ResultsPageUiTest" name="resultPageCheck" time="0.000">
    <skipped/>
  </testcase> <!-- resultPageCheck -->
  <testcase classname="tests.ResultsPageUiTest" name="isLogoPresent" time="0.000">
    <skipped/>
  </testcase> <!-- isLogoPresent -->
  <testcase classname="tests.ResultsPageUiTest" name="isLogoTextPresent" time="0.000">
    <skipped/>
  </testcase> <!-- isLogoTextPresent -->
  <testcase classname="tests.ResultsPageUiTest" name="isResultBoxPresent" time="0.002">
    <skipped/>
  </testcase> <!-- isResultBoxPresent -->
  <testcase classname="tests.ResultsPageUiTest" name="isHeadingPresent" time="0.000">
    <skipped/>
  </testcase> <!-- isHeadingPresent -->
  <testcase classname="tests.ResultsPageUiTest" name="isResultDisplayed" time="0.000">
    <skipped/>
  </testcase> <!-- isResultDisplayed -->
  <testcase classname="tests.ResultsPageUiTest" name="isFeedbackBoxdisplayed" time="0.000">
    <skipped/>
  </testcase> <!-- isFeedbackBoxdisplayed -->
  <system-out>
    <![CDATA[chrome browser started
chrome browser started]]>
  </system-out>
</testsuite> <!-- tests.ResultsPageUiTest -->
