<?xml version="1.0" encoding="UTF-8"?>
<!-- Generated by org.testng.reporters.JUnitReportReporter -->
<testsuite hostname="LTIN675515" failures="0" tests="7" name="tests.TeamDetailsPageValidationTest" time="3.235" errors="0" timestamp="2026-01-19T21:27:22 IST" skipped="0">
  <testcase classname="tests.TeamDetailsPageValidationTest" name="isTopNavPresent" time="0.793">
    <system-out>
      <![CDATA[Checking if top navigation is present...
Top navigation present? true
PASS: Top navigation is present
=== Completed 'isTopNavPresent' test ===]]>
    </system-out>
  </testcase> <!-- isTopNavPresent -->
  <testcase classname="tests.TeamDetailsPageValidationTest" name="isHeadingPresent" time="0.316">
    <system-out>
      <![CDATA[Checking if heading is present...
Heading present? true
PASS: Heading is present
=== Completed 'isHeadingPresent' test ===]]>
    </system-out>
  </testcase> <!-- isHeadingPresent -->
  <testcase classname="tests.TeamDetailsPageValidationTest" name="isTeamDetailsPresent" time="0.229">
    <system-out>
      <![CDATA[Checking if team details section is present...
Team details present? true
PASS: Team details are displayed
=== Completed 'isTeamDetailsPresent' test ===]]>
    </system-out>
  </testcase> <!-- isTeamDetailsPresent -->
  <testcase classname="tests.TeamDetailsPageValidationTest" name="gotoHome" time="0.577">
    <system-out>
      <![CDATA[Clicking 'Home' via TeamDetails page...
Current URL after gotoHome(): https://hackvyatharth.github.io/Vitalguard_Team_Vanguardians/#container
PASS: 'gotoHome' assertion passed (URL contains '#container')
=== Completed 'gotoHome' test ===]]>
    </system-out>
  </testcase> <!-- gotoHome -->
  <testcase classname="tests.TeamDetailsPageValidationTest" name="gotoBloodPressure" time="0.483">
    <system-out>
      <![CDATA[Clicking 'Blood Pressure' via TeamDetails page...
Current URL after gotoBloodPressure(): https://hackvyatharth.github.io/Vitalguard_Team_Vanguardians/#bloodPressure
PASS: 'gotoBloodPressure' assertion passed (URL contains '#bloodPressure')
=== Completed 'gotoBloodPressure' test ===]]>
    </system-out>
  </testcase> <!-- gotoBloodPressure -->
  <testcase classname="tests.TeamDetailsPageValidationTest" name="gotoHeartPulse" time="0.498">
    <system-out>
      <![CDATA[Clicking 'Heart Pulse' via TeamDetails page...
Current URL after gotoHeartPulse(): https://hackvyatharth.github.io/Vitalguard_Team_Vanguardians/#pulseRate
PASS: 'gotoHeartPulse' assertion passed (URL contains '#pulseRate')
=== Completed 'gotoHeartPulse' test ===]]>
    </system-out>
  </testcase> <!-- gotoHeartPulse -->
  <testcase classname="tests.TeamDetailsPageValidationTest" name="gotoAgeFactor" time="0.339">
    <system-out>
      <![CDATA[Clicking 'Age Factor' via TeamDetails page...
Current URL after gotoAgeFactor(): https://hackvyatharth.github.io/Vitalguard_Team_Vanguardians/#ageFactor
PASS: 'gotoAgeFactor' assertion passed (URL contains '#ageFactor')
=== Completed 'gotoAgeFactor' test ===]]>
    </system-out>
  </testcase> <!-- gotoAgeFactor -->
  <system-out>
    <![CDATA[chrome browser started
Navigated to base URL: https://hackvyatharth.github.io/Vitalguard_Team_Vanguardians/
Driver set in TestNG context
Initializing page objects: TopNavigation, HomePage
Setup completed for UrlValidationTest
Validating if Home page URL and elements are working...
NavBar present? true
Left image present? true
Calculator present? true
PASS: Home page loaded successfully with all required elements
=== Completed 'isURLWorking' test ===
Tearing down WebDriver...
chrome browser started
Navigated to base URL: https://hackvyatharth.github.io/Vitalguard_Team_Vanguardians/
Driver set in TestNG context
Initializing HeartPulsePage and TopNavigation
Going to Heart Pulse page via top navigation
Current URL: https://hackvyatharth.github.io/Vitalguard_Team_Vanguardians/#pulseRate
Checking heading presence on Heart Pulse page...
Heading present? true
'isHeadingPresent' assertion passed
Checking top navigation visibility on Heart Pulse page...
Top nav present? true
'isTopNavPresent' assertion passed
chrome browser started
Navigated to base URL: https://hackvyatharth.github.io/Vitalguard_Team_Vanguardians/
Driver set in TestNG context
Initializing HomePage and TopNavigation
Navigating to Home page...
Current URL: https://hackvyatharth.github.io/Vitalguard_Team_Vanguardians/#container
Checking top navigation visibility...
Top nav present? true
PASS: Top navigation is present
Clicking Home...
URL after goToHome(): https://hackvyatharth.github.io/Vitalguard_Team_Vanguardians/#container
'gotoHome' assertion passed
chrome browser started
Navigated to base URL: https://hackvyatharth.github.io/Vitalguard_Team_Vanguardians/
Driver set in TestNG context
Initializing BloodPressurePage and TopNavigation...
Navigating to 'Blood Pressure' via TopNavigation...
Current URL: https://hackvyatharth.github.io/Vitalguard_Team_Vanguardians/#bloodPressure
Checking top navigation on Blood Pressure page...
Top nav present? true
PASS: Top navigation presence assertion passed.
chrome browser started
Navigated to base URL: https://hackvyatharth.github.io/Vitalguard_Team_Vanguardians/
Driver set in TestNG context
Initializing AgeFactorPage and TopNavigation
Navigating to 'Age Factor' via TopNavigation...
Arrived at Age Factor page. URL: https://hackvyatharth.github.io/Vitalguard_Team_Vanguardians/#ageFactor
Checking top navigation presence on Age Factor page...
Top nav present? true
PASS: Top navigation presence assertion passed
chrome browser started
Navigated to base URL: https://hackvyatharth.github.io/Vitalguard_Team_Vanguardians/
Driver set in TestNG context
Initializing page objects: TeamDetails, TopNavigation
Navigating to Team Details page via TopNavigation...
Setup completed for TeamDetailsPageValidationTest
Checking if top navigation is present...
Top navigation present? true
PASS: Top navigation is present
=== Completed 'isTopNavPresent' test ===
chrome browser started
Navigated to base URL: https://hackvyatharth.github.io/Vitalguard_Team_Vanguardians/
Driver set in TestNG context
Initializing test dependencies for CalculatorFunctionalityTest
Setup complete for CalculatorFunctionalityTest
Checking form heading presence...
Form Heading assertion passed
chrome browser started
Navigated to base URL: https://hackvyatharth.github.io/Vitalguard_Team_Vanguardians/
Driver set in TestNG context
Initializing page objects: TopNavigation, CalculatorForm, ResultPage
Page objects initialized successfully
Providing data for 'resultPageCheck'
Data provided: 1 row(s)
=== Starting 'resultPageCheck' test ===
Input data -> Age: 20, Pulse: 67, BP: 120/80
Entering age...
Entering pulse...
Entering blood pressure...
Clicking Calculate...
Locating feedback text area...
Computing scroll metrics: scrollHeight vs clientHeight
scrollHeight: 120
clientHeight: 76
Is feedback textarea scrollable? true
PASS: The result text box is scrollable
Checking CSS 'resize' property
resize CSS value: vertical
Is feedback textarea resizable? true
PASS: The result textbox is resizable
Asserting all soft assertions
=== Completed 'resultPageCheck' test ===
Checking left image visibility...
Left image present? true
PASS: Left image is present
Clicking Blood Pressure...
URL after goToBloodPressure(): https://hackvyatharth.github.io/Vitalguard_Team_Vanguardians/#bloodPressure
'gotoBloodPressure' assertion passed
Checking heading visibility on Blood Pressure page...
Heading present? true
PASS: Heading presence assertion passed.
Checking heading presence on Age Factor page...
Heading present? true
PASS: Heading presence assertion passed
Checking if heading is present...
Heading present? true
PASS: Heading is present
=== Completed 'isHeadingPresent' test ===
Checking age field presence...
Age field presence assertion passed
Checking if logo is present...
Logo present? true
PASS: Logo is visible
=== Completed 'isLogoPresent' test ===
Checking calculator presence...
Calculator present? true
PASS: Calculator is present
Clicking Age Factor...
URL after goToAgeFactor(): https://hackvyatharth.github.io/Vitalguard_Team_Vanguardians/#ageFactor
'gotoAgeFactor' assertion passed
Validating informational block presence...
Info block present? true
PASS: Information block presence assertion passed.
Validating informational block presence...
Info block present? true
PASS: Info block presence assertion passed
Checking if team details section is present...
Team details present? true
PASS: Team details are displayed
=== Completed 'isTeamDetailsPresent' test ===
Checking pulse field presence...
Pulse field presence assertion passed
Checking if logo text is present...
Logo text present? true
PASS: Logo text is visible
=== Completed 'isLogoTextPresent' test ===
Clicking Heartpulse...
URL after goToHeartPulse(): https://hackvyatharth.github.io/Vitalguard_Team_Vanguardians/#pulseRate
Clicking Team Details...
URL after goToTeamDetails(): https://hackvyatharth.github.io/Vitalguard_Team_Vanguardians/#foot
'gotoTeamDetails' assertion passed
Tearing down WebDriver...
Clicking Home...
URL after goToHome(): https://hackvyatharth.github.io/Vitalguard_Team_Vanguardians/#container
PASS: Home navigation assertion passed.
Clicking Home...
URL after goToHome(): https://hackvyatharth.github.io/Vitalguard_Team_Vanguardians/#container
PASS: Home navigation assertion passed
Clicking 'Home' via TeamDetails page...
Current URL after gotoHome(): https://hackvyatharth.github.io/Vitalguard_Team_Vanguardians/#container
PASS: 'gotoHome' assertion passed (URL contains '#container')
=== Completed 'gotoHome' test ===
Checking BP field presence...
BP field presence assertion passed
Checking if result box is present...
Result box present? true
PASS: Result box is visible
=== Completed 'isResultBoxPresent' test ===
Clicking Blood Pressure...
URL after goToBloodPressure(): https://hackvyatharth.github.io/Vitalguard_Team_Vanguardians/#bloodPressure
Clicking Heart Pulse...
URL after goToHeartPulse(): https://hackvyatharth.github.io/Vitalguard_Team_Vanguardians/#pulseRate
PASS: Heart Pulse navigation assertion passed.
Clicking Heart Pulse...
URL after goToHeartPulse(): https://hackvyatharth.github.io/Vitalguard_Team_Vanguardians/#pulseRate
PASS: Heart Pulse navigation assertion passed
Clicking 'Blood Pressure' via TeamDetails page...
Current URL after gotoBloodPressure(): https://hackvyatharth.github.io/Vitalguard_Team_Vanguardians/#bloodPressure
PASS: 'gotoBloodPressure' assertion passed (URL contains '#bloodPressure')
=== Completed 'gotoBloodPressure' test ===
Checking Calculate button presence and clickability...
Calculate button presence & clickability assertion passed
Checking if heading is present...
Heading present? true
PASS: Heading is visible
=== Completed 'isHeadingPresent' test ===
Clicking Age Factor...
URL after goToAgeFactor(): https://hackvyatharth.github.io/Vitalguard_Team_Vanguardians/#ageFactor
Clicking Age Factor...
URL after goToAgeFactor(): https://hackvyatharth.github.io/Vitalguard_Team_Vanguardians/#ageFactor
PASS: Age Factor navigation assertion passed.
Clicking Blood Pressure...
URL after goToBloodPressure(): https://hackvyatharth.github.io/Vitalguard_Team_Vanguardians/#bloodPressure
PASS: Blood Pressure navigation assertion passed
Clicking 'Heart Pulse' via TeamDetails page...
Current URL after gotoHeartPulse(): https://hackvyatharth.github.io/Vitalguard_Team_Vanguardians/#pulseRate
PASS: 'gotoHeartPulse' assertion passed (URL contains '#pulseRate')
=== Completed 'gotoHeartPulse' test ===
Loading data from Excel via ExcelDataManager.dataFetch()
Excel data rows loaded: 26
=== Starting sendData ===
Input -> age="", pulse="", bp="", testType=negative
Captured pre-submit screenshot: C:\Users\2457157\IdeaProjects\HealthIndexCalculator\reports\screenshots\age_____pulse_____bp_____type_negative_before_20260119_212410_137.png
Clicking Calculate...
Alert detected after submit
Alert text: Please enter a valid age between 1 and 120.
Negative case: navigatedToResult=false
=== Completed sendData ===
=== Starting sendData ===
Input -> age=0, pulse=60, bp=70/31, testType=negative
Captured pre-submit screenshot: C:\Users\2457157\IdeaProjects\HealthIndexCalculator\reports\screenshots\age_0__pulse_60__bp_70_31__type_negative_before_20260119_212412_576.png
Clicking Calculate...
Alert detected after submit
Alert text: Please enter a valid age between 1 and 120.
Negative case: navigatedToResult=false
=== Completed sendData ===
=== Starting sendData ===
Input -> age=1, pulse=72, bp=120/81, testType=positive
Captured pre-submit screenshot: C:\Users\2457157\IdeaProjects\HealthIndexCalculator\reports\screenshots\age_1__pulse_72__bp_120_81__type_positive_before_20260119_212415_344.png
Clicking Calculate...
No alert detected within timeout
No alert branch: navigatedToResult=true
Positive case passed: Navigated to results page; returning Home via logo text
Clicked 'VitalGuard' logo text to return Home
=== Completed sendData ===
=== Starting sendData ===
Input -> age=69.5, pulse=-25, bp=160/91, testType=negative
Captured pre-submit screenshot: C:\Users\2457157\IdeaProjects\HealthIndexCalculator\reports\screenshots\age_69.5__pulse_-25__bp_160_91__type_negative_before_20260119_212423_192.png
Clicking Calculate...
No alert detected within timeout
No alert branch: navigatedToResult=true
FAIL (Negative): Navigated to Result without alert
Clicked 'VitalGuard' to return Home (negative case)
=== Starting sendData ===
Input -> age=120, pulse=Seventy Two, bp=0/0, testType=negative
Captured pre-submit screenshot: C:\Users\2457157\IdeaProjects\HealthIndexCalculator\reports\screenshots\age_120__pulse_Seventy_Two__bp_0_0__type_negative_before_20260119_212433_775.png
Clicking Calculate...
Alert detected after submit
Alert text: Please enter a valid pulse rate.
Negative case: navigatedToResult=false
=== Completed sendData ===
=== Starting sendData ===
Input -> age=121, pulse=@$%, bp=0/0, testType=negative
Captured pre-submit screenshot: C:\Users\2457157\IdeaProjects\HealthIndexCalculator\reports\screenshots\age_121__pulse______bp_0_0__type_negative_before_20260119_212437_511.png
Clicking Calculate...
Alert detected after submit
Alert text: Please enter a valid age between 1 and 120.
Negative case: navigatedToResult=false
=== Completed sendData ===
=== Starting sendData ===
Input -> age=120.5, pulse=80yrs, bp=1000/1000, testType=negative
Captured pre-submit screenshot: C:\Users\2457157\IdeaProjects\HealthIndexCalculator\reports\screenshots\age_120.5__pulse_80yrs__bp_1000_1000__type_negative_before_20260119_212442_113.png
Clicking Calculate...
Alert detected after submit
Alert text: Please enter a valid pulse rate.
Negative case: navigatedToResult=false
=== Completed sendData ===
=== Starting sendData ===
Input -> age=abc, pulse=1000, bp=abc, testType=negative
Captured pre-submit screenshot: C:\Users\2457157\IdeaProjects\HealthIndexCalculator\reports\screenshots\age_abc__pulse_1000__bp_abc__type_negative_before_20260119_212446_610.png
Clicking Calculate...
Alert detected after submit
Alert text: Please enter a valid age between 1 and 120.
Negative case: navigatedToResult=false
=== Completed sendData ===
=== Starting sendData ===
Input -> age=@#, pulse=65.5, bp=abc/abc, testType=negative
Captured pre-submit screenshot: C:\Users\2457157\IdeaProjects\HealthIndexCalculator\reports\screenshots\age_____pulse_65.5__bp_abc_abc__type_negative_before_20260119_212452_391.png
Clicking Calculate...
Alert detected after submit
Alert text: Please enter a valid age between 1 and 120.
Negative case: navigatedToResult=false
=== Completed sendData ===
=== Starting sendData ===
Input -> age=e, pulse="", bp=*(@), testType=negative
Captured pre-submit screenshot: C:\Users\2457157\IdeaProjects\HealthIndexCalculator\reports\screenshots\age_e__pulse_____bp_______type_negative_before_20260119_212458_392.png
Clicking Calculate...
Alert detected after submit
Alert text: Please enter a valid age between 1 and 120.
Negative case: navigatedToResult=false
=== Completed sendData ===
=== Starting sendData ===
Input -> age=-1, pulse=55, bp=-1, testType=negative
Captured pre-submit screenshot: C:\Users\2457157\IdeaProjects\HealthIndexCalculator\reports\screenshots\age_-1__pulse_55__bp_-1__type_negative_before_20260119_212501_086.png
Clicking Calculate...
Alert detected after submit
Alert text: Please enter a valid age between 1 and 120.
Negative case: navigatedToResult=false
=== Completed sendData ===
=== Starting sendData ===
Input -> age=35, pulse=80, bp=80/120, testType=negative
Captured pre-submit screenshot: C:\Users\2457157\IdeaProjects\HealthIndexCalculator\reports\screenshots\age_35__pulse_80__bp_80_120__type_negative_before_20260119_212503_609.png
Clicking Calculate...
No alert detected within timeout
No alert branch: navigatedToResult=true
FAIL (Negative): Navigated to Result without alert
Clicked 'VitalGuard' to return Home (negative case)
=== Starting sendData ===
Input -> age=42, pulse=70, bp=0/100, testType=negative
Captured pre-submit screenshot: C:\Users\2457157\IdeaProjects\HealthIndexCalculator\reports\screenshots\age_42__pulse_70__bp_0_100__type_negative_before_20260119_212510_499.png
Clicking Calculate...
No alert detected within timeout
No alert branch: navigatedToResult=true
FAIL (Negative): Navigated to Result without alert
Clicked 'VitalGuard' to return Home (negative case)
=== Starting sendData ===
Input -> age=55, pulse=100, bp=122/0, testType=negative
Captured pre-submit screenshot: C:\Users\2457157\IdeaProjects\HealthIndexCalculator\reports\screenshots\age_55__pulse_100__bp_122_0__type_negative_before_20260119_212518_375.png
Clicking Calculate...
No alert detected within timeout
No alert branch: navigatedToResult=true
FAIL (Negative): Navigated to Result without alert
Clicked 'VitalGuard' to return Home (negative case)
=== Starting sendData ===
Input -> age=63, pulse=65, bp=120/120, testType=negative
Captured pre-submit screenshot: C:\Users\2457157\IdeaProjects\HealthIndexCalculator\reports\screenshots\age_63__pulse_65__bp_120_120__type_negative_before_20260119_212527_391.png
Clicking Calculate...
No alert detected within timeout
No alert branch: navigatedToResult=true
FAIL (Negative): Navigated to Result without alert
Clicked 'VitalGuard' to return Home (negative case)
=== Starting sendData ===
Input -> age=29, pulse=75, bp=120/, testType=negative
Captured pre-submit screenshot: C:\Users\2457157\IdeaProjects\HealthIndexCalculator\reports\screenshots\age_29__pulse_75__bp_120___type_negative_before_20260119_212534_835.png
Clicking Calculate...
Alert detected after submit
Alert text: Please enter blood pressure in the format systolic/diastolic (e.g., 120/80).
Negative case: navigatedToResult=false
=== Completed sendData ===
=== Starting sendData ===
Input -> age=31, pulse=68, bp=/80, testType=negative
Captured pre-submit screenshot: C:\Users\2457157\IdeaProjects\HealthIndexCalculator\reports\screenshots\age_31__pulse_68__bp__80__type_negative_before_20260119_212537_626.png
Clicking Calculate...
Alert detected after submit
Alert text: Please enter blood pressure in the format systolic/diastolic (e.g., 120/80).
Negative case: navigatedToResult=false
=== Completed sendData ===
=== Starting sendData ===
Input -> age=25, pulse=72, bp=118/76, testType=positive
Captured pre-submit screenshot: C:\Users\2457157\IdeaProjects\HealthIndexCalculator\reports\screenshots\age_25__pulse_72__bp_118_76__type_positive_before_20260119_212541_558.png
Clicking Calculate...
No alert detected within timeout
No alert branch: navigatedToResult=true
Positive case passed: Navigated to results page; returning Home via logo text
Clicked 'VitalGuard' logo text to return Home
=== Completed sendData ===
=== Starting sendData ===
Input -> age=34, pulse=64, bp=110/70, testType=positive
Captured pre-submit screenshot: C:\Users\2457157\IdeaProjects\HealthIndexCalculator\reports\screenshots\age_34__pulse_64__bp_110_70__type_positive_before_20260119_212548_903.png
Clicking Calculate...
No alert detected within timeout
No alert branch: navigatedToResult=true
Positive case passed: Navigated to results page; returning Home via logo text
Clicked 'VitalGuard' logo text to return Home
=== Completed sendData ===
=== Starting sendData ===
Input -> age=47, pulse=82, bp=130/85, testType=positive
Captured pre-submit screenshot: C:\Users\2457157\IdeaProjects\HealthIndexCalculator\reports\screenshots\age_47__pulse_82__bp_130_85__type_positive_before_20260119_212556_657.png
Clicking Calculate...
No alert detected within timeout
No alert branch: navigatedToResult=true
Positive case passed: Navigated to results page; returning Home via logo text
Clicked 'VitalGuard' logo text to return Home
=== Completed sendData ===
=== Starting sendData ===
Input -> age=58, pulse=96, bp=140/95, testType=positive
Captured pre-submit screenshot: C:\Users\2457157\IdeaProjects\HealthIndexCalculator\reports\screenshots\age_58__pulse_96__bp_140_95__type_positive_before_20260119_212603_641.png
Clicking Calculate...
No alert detected within timeout
No alert branch: navigatedToResult=true
Positive case passed: Navigated to results page; returning Home via logo text
Clicked 'VitalGuard' logo text to return Home
=== Completed sendData ===
=== Starting sendData ===
Input -> age=72, pulse=60, bp=150/100, testType=positive
Captured pre-submit screenshot: C:\Users\2457157\IdeaProjects\HealthIndexCalculator\reports\screenshots\age_72__pulse_60__bp_150_100__type_positive_before_20260119_212610_550.png
Clicking Calculate...
No alert detected within timeout
No alert branch: navigatedToResult=true
Positive case passed: Navigated to results page; returning Home via logo text
Clicked 'VitalGuard' logo text to return Home
=== Completed sendData ===
=== Starting sendData ===
Input -> age=5, pulse=100, bp=95/60, testType=positive
Captured pre-submit screenshot: C:\Users\2457157\IdeaProjects\HealthIndexCalculator\reports\screenshots\age_5__pulse_100__bp_95_60__type_positive_before_20260119_212616_944.png
Clicking Calculate...
No alert detected within timeout
No alert branch: navigatedToResult=true
Positive case passed: Navigated to results page; returning Home via logo text
Clicked 'VitalGuard' logo text to return Home
=== Completed sendData ===
=== Starting sendData ===
Input -> age=88, pulse=58, bp=160/70, testType=positive
Captured pre-submit screenshot: C:\Users\2457157\IdeaProjects\HealthIndexCalculator\reports\screenshots\age_88__pulse_58__bp_160_70__type_positive_before_20260119_212624_501.png
Clicking Calculate...
No alert detected within timeout
No alert branch: navigatedToResult=true
Positive case passed: Navigated to results page; returning Home via logo text
Clicked 'VitalGuard' logo text to return Home
=== Completed sendData ===
=== Starting sendData ===
Input -> age=40, pulse=40, bp=90/50, testType=positive
Captured pre-submit screenshot: C:\Users\2457157\IdeaProjects\HealthIndexCalculator\reports\screenshots\age_40__pulse_40__bp_90_50__type_positive_before_20260119_212631_235.png
Clicking Calculate...
No alert detected within timeout
No alert branch: navigatedToResult=true
Positive case passed: Navigated to results page; returning Home via logo text
Clicked 'VitalGuard' logo text to return Home
=== Completed sendData ===
=== Starting sendData ===
Input -> age=40, pulse=140, bp=170/110, testType=negative
Captured pre-submit screenshot: C:\Users\2457157\IdeaProjects\HealthIndexCalculator\reports\screenshots\age_40__pulse_140__bp_170_110__type_negative_before_20260119_212637_780.png
Clicking Calculate...
No alert detected within timeout
No alert branch: navigatedToResult=true
FAIL (Negative): Navigated to Result without alert
Clicked 'VitalGuard' to return Home (negative case)
Tearing down CalculatorFunctionalityTest
WebDriver quit in CalculatorFunctionalityTest
Tearing down WebDriver...
Checking if result is displayed...
Result displayed? true
PASS: Result is displayed
=== Completed 'isResultDisplayed' test ===
Clicking Team Details...
URL after goToTeamDetails(): https://hackvyatharth.github.io/Vitalguard_Team_Vanguardians/#foot
Tearing down WebDriver...
Clicking Team Details...
URL after goToTeamDetails(): https://hackvyatharth.github.io/Vitalguard_Team_Vanguardians/#foot
PASS: Team Details navigation assertion passed.
Tearing down WebDriver...
Clicking Team Details...
URL after goToTeamDetails(): https://hackvyatharth.github.io/Vitalguard_Team_Vanguardians/#foot
PASS: Team Details navigation assertion passed
Tearing down WebDriver...
Clicking 'Age Factor' via TeamDetails page...
Current URL after gotoAgeFactor(): https://hackvyatharth.github.io/Vitalguard_Team_Vanguardians/#ageFactor
PASS: 'gotoAgeFactor' assertion passed (URL contains '#ageFactor')
=== Completed 'gotoAgeFactor' test ===
Tearing down WebDriver...
Checking if feedback box is present...
Feedback box present? true
PASS: Feedback box is present
=== Completed 'isFeedbackBoxdisplayed' test ===
Tearing down WebDriver...]]>
  </system-out>
</testsuite> <!-- tests.TeamDetailsPageValidationTest -->
