<?xml version="1.0" encoding="UTF-8"?>
<!-- Generated by org.testng.reporters.JUnitReportReporter -->
<testsuite hostname="LTIN675515" failures="0" tests="7" name="tests.HomePageValidationTest" time="2.748" errors="0" timestamp="2026-01-20T17:32:53 IST" skipped="0">
  <testcase classname="tests.HomePageValidationTest" name="isTopNavPresent" time="0.699">
    <system-out>
      <![CDATA[Checking top navigation visibility...
Top nav present? true
PASS: Top navigation is present]]>
    </system-out>
  </testcase> <!-- isTopNavPresent -->
  <testcase classname="tests.HomePageValidationTest" name="isLeftImagePresent" time="0.199">
    <system-out>
      <![CDATA[Checking left image visibility...
Left image present? true
PASS: Left image is present]]>
    </system-out>
  </testcase> <!-- isLeftImagePresent -->
  <testcase classname="tests.HomePageValidationTest" name="isCalculatorPresent" time="0.288">
    <system-out>
      <![CDATA[Checking calculator presence...
Calculator present? true
PASS: Calculator is present]]>
    </system-out>
  </testcase> <!-- isCalculatorPresent -->
  <testcase classname="tests.HomePageValidationTest" name="gotoHeartPulse" time="0.660">
    <system-out>
      <![CDATA[Clicking Heartpulse...
URL after goToHeartPulse(): https://hackvyatharth.github.io/Vitalguard_Team_Vanguardians/#pulseRate]]>
    </system-out>
  </testcase> <!-- gotoHeartPulse -->
  <testcase classname="tests.HomePageValidationTest" name="gotoBloodPressure" time="0.323">
    <system-out>
      <![CDATA[Clicking Blood Pressure...
URL after goToBloodPressure(): https://hackvyatharth.github.io/Vitalguard_Team_Vanguardians/#bloodPressure]]>
    </system-out>
  </testcase> <!-- gotoBloodPressure -->
  <testcase classname="tests.HomePageValidationTest" name="gotoAgeFactor" time="0.317">
    <system-out>
      <![CDATA[Clicking Age Factor...
URL after goToAgeFactor(): https://hackvyatharth.github.io/Vitalguard_Team_Vanguardians/#ageFactor]]>
    </system-out>
  </testcase> <!-- gotoAgeFactor -->
  <testcase classname="tests.HomePageValidationTest" name="gotoTeamDetails" time="0.262">
    <system-out>
      <![CDATA[Clicking Team Details...
URL after goToTeamDetails(): https://hackvyatharth.github.io/Vitalguard_Team_Vanguardians/#foot]]>
    </system-out>
  </testcase> <!-- gotoTeamDetails -->
  <system-out>
    <![CDATA[chrome browser started
Navigated to base URL: https://hackvyatharth.github.io/Vitalguard_Team_Vanguardians/
Driver set in TestNG context
Initializing HeartPulsePage and TopNavigation
Going to Heart Pulse page via top navigation
Current URL: https://hackvyatharth.github.io/Vitalguard_Team_Vanguardians/#pulseRate
Checking heading presence on Heart Pulse page...
Heading present? true
'isHeadingPresent' assertion passed
Checking top navigation visibility on Heart Pulse page...
Top nav present? true
'isTopNavPresent' assertion passed
chrome browser started
Navigated to base URL: https://hackvyatharth.github.io/Vitalguard_Team_Vanguardians/
Driver set in TestNG context
Initializing HomePage and TopNavigation
Navigating to Home page...
Current URL: https://hackvyatharth.github.io/Vitalguard_Team_Vanguardians/#container
Checking top navigation visibility...
Top nav present? true
PASS: Top navigation is present
Clicking Home...
URL after goToHome(): https://hackvyatharth.github.io/Vitalguard_Team_Vanguardians/#container
'gotoHome' assertion passed
Checking left image visibility...
Left image present? true
PASS: Left image is present
Clicking Blood Pressure...
URL after goToBloodPressure(): https://hackvyatharth.github.io/Vitalguard_Team_Vanguardians/#bloodPressure
'gotoBloodPressure' assertion passed
Checking calculator presence...
Calculator present? true
PASS: Calculator is present
Clicking Age Factor...
URL after goToAgeFactor(): https://hackvyatharth.github.io/Vitalguard_Team_Vanguardians/#ageFactor
'gotoAgeFactor' assertion passed
Clicking Heartpulse...
URL after goToHeartPulse(): https://hackvyatharth.github.io/Vitalguard_Team_Vanguardians/#pulseRate
Clicking Team Details...
URL after goToTeamDetails(): https://hackvyatharth.github.io/Vitalguard_Team_Vanguardians/#foot
'gotoTeamDetails' assertion passed
Tearing down WebDriver...
Clicking Blood Pressure...
URL after goToBloodPressure(): https://hackvyatharth.github.io/Vitalguard_Team_Vanguardians/#bloodPressure
Clicking Age Factor...
URL after goToAgeFactor(): https://hackvyatharth.github.io/Vitalguard_Team_Vanguardians/#ageFactor
Clicking Team Details...
URL after goToTeamDetails(): https://hackvyatharth.github.io/Vitalguard_Team_Vanguardians/#foot
Tearing down WebDriver...]]>
  </system-out>
</testsuite> <!-- tests.HomePageValidationTest -->
