<?xml version="1.0" encoding="UTF-8"?>
<!-- Generated by org.testng.reporters.JUnitReportReporter -->
<testsuite hostname="LTIN675515" failures="0" tests="6" name="tests.HeartPulsePageValidationTest" time="2.429" errors="0" timestamp="2026-01-20T17:49:02 IST" skipped="0">
  <testcase classname="tests.HeartPulsePageValidationTest" name="isTopNavPresent" time="0.565">
    <system-out>
      <![CDATA[Checking top navigation visibility on Heart Pulse page...
Top nav present? true
'isTopNavPresent' assertion passed]]>
    </system-out>
  </testcase> <!-- isTopNavPresent -->
  <testcase classname="tests.HeartPulsePageValidationTest" name="isHeadingPresent" time="0.157">
    <system-out>
      <![CDATA[Checking heading presence on Heart Pulse page...
Heading present? true
'isHeadingPresent' assertion passed]]>
    </system-out>
  </testcase> <!-- isHeadingPresent -->
  <testcase classname="tests.HeartPulsePageValidationTest" name="gotoHome" time="0.350">
    <system-out>
      <![CDATA[Clicking Home...
URL after goToHome(): https://hackvyatharth.github.io/Vitalguard_Team_Vanguardians/#container
'gotoHome' assertion passed]]>
    </system-out>
  </testcase> <!-- gotoHome -->
  <testcase classname="tests.HeartPulsePageValidationTest" name="gotoBloodPressure" time="0.490">
    <system-out>
      <![CDATA[Clicking Blood Pressure...
URL after goToBloodPressure(): https://hackvyatharth.github.io/Vitalguard_Team_Vanguardians/#bloodPressure
'gotoBloodPressure' assertion passed]]>
    </system-out>
  </testcase> <!-- gotoBloodPressure -->
  <testcase classname="tests.HeartPulsePageValidationTest" name="gotoAgeFactor" time="0.438">
    <system-out>
      <![CDATA[Clicking Age Factor...
URL after goToAgeFactor(): https://hackvyatharth.github.io/Vitalguard_Team_Vanguardians/#ageFactor
'gotoAgeFactor' assertion passed]]>
    </system-out>
  </testcase> <!-- gotoAgeFactor -->
  <testcase classname="tests.HeartPulsePageValidationTest" name="gotoTeamDetails" time="0.429">
    <system-out>
      <![CDATA[Clicking Team Details...
URL after goToTeamDetails(): https://hackvyatharth.github.io/Vitalguard_Team_Vanguardians/#foot
'gotoTeamDetails' assertion passed]]>
    </system-out>
  </testcase> <!-- gotoTeamDetails -->
  <system-out>
    <![CDATA[chrome browser started
Navigated to base URL: https://hackvyatharth.github.io/Vitalguard_Team_Vanguardians/
Driver set in TestNG context
Initializing page objects: TopNavigation, HomePage
Setup completed for UrlValidationTest
Validating if Home page URL and elements are working...
NavBar present? true
Left image present? true
Calculator present? true
PASS: Home page loaded successfully with all required elements
=== Completed 'isURLWorking' test ===
Tearing down WebDriver...
chrome browser started
Navigated to base URL: https://hackvyatharth.github.io/Vitalguard_Team_Vanguardians/
Driver set in TestNG context
Initializing HeartPulsePage and TopNavigation
Going to Heart Pulse page via top navigation
Current URL: https://hackvyatharth.github.io/Vitalguard_Team_Vanguardians/#pulseRate
Checking heading presence on Heart Pulse page...
Heading present? true
'isHeadingPresent' assertion passed
Checking top navigation visibility on Heart Pulse page...
Top nav present? true
'isTopNavPresent' assertion passed
Clicking Home...
URL after goToHome(): https://hackvyatharth.github.io/Vitalguard_Team_Vanguardians/#container
'gotoHome' assertion passed
chrome browser started
Navigated to base URL: https://hackvyatharth.github.io/Vitalguard_Team_Vanguardians/
Driver set in TestNG context
Initializing BloodPressurePage and TopNavigation...
Navigating to 'Blood Pressure' via TopNavigation...
Current URL: https://hackvyatharth.github.io/Vitalguard_Team_Vanguardians/#bloodPressure
Checking top navigation on Blood Pressure page...
Top nav present? true
PASS: Top navigation presence assertion passed.
Clicking Blood Pressure...
URL after goToBloodPressure(): https://hackvyatharth.github.io/Vitalguard_Team_Vanguardians/#bloodPressure
'gotoBloodPressure' assertion passed
Checking heading visibility on Blood Pressure page...
Heading present? true
PASS: Heading presence assertion passed.
Clicking Age Factor...
URL after goToAgeFactor(): https://hackvyatharth.github.io/Vitalguard_Team_Vanguardians/#ageFactor
'gotoAgeFactor' assertion passed
Validating informational block presence...
Info block present? true
PASS: Information block presence assertion passed.
Clicking Team Details...
URL after goToTeamDetails(): https://hackvyatharth.github.io/Vitalguard_Team_Vanguardians/#foot
'gotoTeamDetails' assertion passed
Tearing down WebDriver...
Clicking Home...
URL after goToHome(): https://hackvyatharth.github.io/Vitalguard_Team_Vanguardians/#container
PASS: Home navigation assertion passed.
Clicking Heart Pulse...
URL after goToHeartPulse(): https://hackvyatharth.github.io/Vitalguard_Team_Vanguardians/#pulseRate
PASS: Heart Pulse navigation assertion passed.
Clicking Age Factor...
URL after goToAgeFactor(): https://hackvyatharth.github.io/Vitalguard_Team_Vanguardians/#ageFactor
PASS: Age Factor navigation assertion passed.
Clicking Team Details...
URL after goToTeamDetails(): https://hackvyatharth.github.io/Vitalguard_Team_Vanguardians/#foot
PASS: Team Details navigation assertion passed.
Tearing down WebDriver...]]>
  </system-out>
</testsuite> <!-- tests.HeartPulsePageValidationTest -->
