<?xml version="1.0" encoding="UTF-8"?>
<!-- Generated by org.testng.reporters.JUnitReportReporter -->
<testsuite hostname="LTIN675515" failures="0" tests="6" name="tests.CalculatorFunctionalityTest" time="0.001" errors="1" timestamp="2026-01-23T16:18:59 IST" skipped="5">
  <testcase classname="tests.CalculatorFunctionalityTest" name="isFormHeadingPresent" time="0.000">
    <skipped/>
  </testcase> <!-- isFormHeadingPresent -->
  <testcase classname="tests.CalculatorFunctionalityTest" name="isAgeFieldPresent" time="0.000">
    <skipped/>
  </testcase> <!-- isAgeFieldPresent -->
  <testcase classname="tests.CalculatorFunctionalityTest" name="isPulseRateFieldPresent" time="0.000">
    <skipped/>
  </testcase> <!-- isPulseRateFieldPresent -->
  <testcase classname="tests.CalculatorFunctionalityTest" name="isBloodPressureFieldPresent" time="0.000">
    <skipped/>
  </testcase> <!-- isBloodPressureFieldPresent -->
  <testcase classname="tests.CalculatorFunctionalityTest" name="isCalculateButtonPresentAndClickable" time="0.001">
    <skipped/>
  </testcase> <!-- isCalculateButtonPresentAndClickable -->
  <testcase classname="tests.CalculatorFunctionalityTest" name="sendData" time="0.000">
    <error message="java.lang.RuntimeException: Failed to load AI Test Data from Excel: src\test\resources\testdata\AI_TestData.xlsx (The system cannot find the path specified)" type="java.lang.RuntimeException">
      <![CDATA[java.lang.RuntimeException: java.lang.RuntimeException: Failed to load AI Test Data from Excel: src\test\resources\testdata\AI_TestData.xlsx (The system cannot find the path specified)
at org.testng.internal.invokers.MethodInvocationHelper.invokeMethodNoCheckedException(MethodInvocationHelper.java:58)
at org.testng.internal.invokers.MethodInvocationHelper.invokeDataProvider(MethodInvocationHelper.java:159)
at org.testng.internal.Parameters.handleParameters(Parameters.java:809)
at org.testng.internal.Parameters.handleParameters(Parameters.java:734)
at org.testng.internal.invokers.ParameterHandler.handleParameters(ParameterHandler.java:72)
at org.testng.internal.invokers.ParameterHandler.createParameters(ParameterHandler.java:51)
at org.testng.internal.invokers.TestInvoker$MethodInvocationAgent.invoke(TestInvoker.java:949)
at org.testng.internal.invokers.TestInvoker.invokeTestMethods(TestInvoker.java:203)
at org.testng.internal.invokers.TestMethodWorker.invokeTestMethods(TestMethodWorker.java:154)
at org.testng.internal.invokers.TestMethodWorker.run(TestMethodWorker.java:134)
at java.base/java.util.ArrayList.forEach(ArrayList.java:1596)
at org.testng.TestRunner.privateRun(TestRunner.java:741)
at org.testng.TestRunner.run(TestRunner.java:616)
at org.testng.SuiteRunner.runTest(SuiteRunner.java:421)
at org.testng.SuiteRunner.runSequentially(SuiteRunner.java:413)
at org.testng.SuiteRunner.privateRun(SuiteRunner.java:373)
at org.testng.SuiteRunner.run(SuiteRunner.java:312)
at org.testng.SuiteRunnerWorker.runSuite(SuiteRunnerWorker.java:52)
at org.testng.SuiteRunnerWorker.run(SuiteRunnerWorker.java:95)
at org.testng.TestNG.runSuitesSequentially(TestNG.java:1274)
at org.testng.TestNG.runSuitesLocally(TestNG.java:1208)
at org.testng.TestNG.runSuites(TestNG.java:1112)
at org.testng.TestNG.run(TestNG.java:1079)
at com.intellij.rt.testng.IDEARemoteTestNG.run(IDEARemoteTestNG.java:65)
at com.intellij.rt.testng.RemoteTestNGStarter.main(RemoteTestNGStarter.java:105)
Caused by: java.lang.RuntimeException: Failed to load AI Test Data from Excel: src\test\resources\testdata\AI_TestData.xlsx (The system cannot find the path specified)
at tests.CalculatorFunctionalityTest.dp(CalculatorFunctionalityTest.java:398)
at java.base/jdk.internal.reflect.DirectMethodHandleAccessor.invoke(DirectMethodHandleAccessor.java:103)
at java.base/java.lang.reflect.Method.invoke(Method.java:580)
at org.testng.internal.invokers.MethodInvocationHelper.invokeMethod(MethodInvocationHelper.java:141)
at org.testng.internal.invokers.MethodInvocationHelper.invokeMethod(MethodInvocationHelper.java:86)
at org.testng.internal.invokers.MethodInvocationHelper.invokeMethodNoCheckedException(MethodInvocationHelper.java:54)
... 24 more
Caused by: java.io.FileNotFoundException: src\test\resources\testdata\AI_TestData.xlsx (The system cannot find the path specified)
at java.base/java.io.FileInputStream.open0(Native Method)
at java.base/java.io.FileInputStream.open(FileInputStream.java:213)
at java.base/java.io.FileInputStream.<init>(FileInputStream.java:152)
at java.base/java.io.FileInputStream.<init>(FileInputStream.java:106)
at tests.CalculatorFunctionalityTest.dp(CalculatorFunctionalityTest.java:377)
... 29 more
]]>
    </error>
  </testcase> <!-- sendData -->
  <system-out>
    <![CDATA[chrome browser started
chrome browser started]]>
  </system-out>
</testsuite> <!-- tests.CalculatorFunctionalityTest -->
